Flow report for ScalingUnit
Sun Nov 16 20:34:57 2025
Quartus II 64-Bit Version 13.0.1 Build 232 06/12/2013 Service Pack 1 SJ Web Edition


---------------------
; Table of Contents ;
---------------------
  1. Legal Notice
  2. Flow Summary
  3. Flow Settings
  4. Flow Non-Default Global Settings
  5. Flow Elapsed Time
  6. Flow OS Summary
  7. Flow Log
  8. Flow Messages
  9. Flow Suppressed Messages



----------------
; Legal Notice ;
----------------
Copyright (C) 1991-2013 Altera Corporation
Your use of Altera Corporation's design tools, logic functions 
and other software and tools, and its AMPP partner logic 
functions, and any output files from any of the foregoing 
(including device programming or simulation files), and any 
associated documentation or information are expressly subject 
to the terms and conditions of the Altera Program License 
Subscription Agreement, Altera MegaCore Function License 
Agreement, or other applicable license agreement, including, 
without limitation, that your use is for the sole purpose of 
programming logic devices manufactured by Altera and sold by 
Altera or its authorized distributors.  Please refer to the 
applicable agreement for further details.



+--------------------------------------------------------------------------------------+
; Flow Summary                                                                         ;
+------------------------------------+-------------------------------------------------+
; Flow Status                        ; Successful - Sun Nov 16 20:34:57 2025           ;
; Quartus II 64-Bit Version          ; 13.0.1 Build 232 06/12/2013 SP 1 SJ Web Edition ;
; Revision Name                      ; ScalingUnit                                     ;
; Top-level Entity Name              ; ScalingUnit                                     ;
; Family                             ; Cyclone II                                      ;
; Device                             ; EP2C35F672C6                                    ;
; Timing Models                      ; Final                                           ;
; Total logic elements               ; 536 / 33,216 ( 2 % )                            ;
;     Total combinational functions  ; 515 / 33,216 ( 2 % )                            ;
;     Dedicated logic registers      ; 144 / 33,216 ( < 1 % )                          ;
; Total registers                    ; 144                                             ;
; Total pins                         ; 81 / 475 ( 17 % )                               ;
; Total virtual pins                 ; 0                                               ;
; Total memory bits                  ; 0 / 483,840 ( 0 % )                             ;
; Embedded Multiplier 9-bit elements ; 8 / 70 ( 11 % )                                 ;
; Total PLLs                         ; 0 / 4 ( 0 % )                                   ;
+------------------------------------+-------------------------------------------------+


+-----------------------------------------+
; Flow Settings                           ;
+-------------------+---------------------+
; Option            ; Setting             ;
+-------------------+---------------------+
; Start date & time ; 11/16/2025 15:14:07 ;
; Main task         ; Compilation         ;
; Revision Name     ; ScalingUnit         ;
+-------------------+---------------------+


+--------------------------------------------------------------------------------------------------------------------------------------------------+
; Flow Non-Default Global Settings                                                                                                                 ;
+--------------------------------------+------------------------------------------------------------+---------------+-------------+----------------+
; Assignment Name                      ; Value                                                      ; Default Value ; Entity Name ; Section Id     ;
+--------------------------------------+------------------------------------------------------------+---------------+-------------+----------------+
; COMPILER_SIGNATURE_ID                ; 185350568433488.176328084717620                            ; --            ; --          ; --             ;
; EDA_DESIGN_INSTANCE_NAME             ; NA                                                         ; --            ; --          ; tb_ScalingUnit ;
; EDA_NATIVELINK_SIMULATION_TEST_BENCH ; tb_ScalingUnit                                             ; --            ; --          ; eda_simulation ;
; EDA_NETLIST_WRITER_OUTPUT_DIR        ; C:\altera\13.0sp1\ScalingUnit\simulation\modelsim\rtl_work ; --            ; --          ; eda_simulation ;
; EDA_OUTPUT_DATA_FORMAT               ; Systemverilog Hdl                                          ; --            ; --          ; eda_simulation ;
; EDA_SIMULATION_TOOL                  ; ModelSim-Altera (SystemVerilog)                            ; <None>        ; --          ; --             ;
; EDA_TEST_BENCH_ENABLE_STATUS         ; TEST_BENCH_MODE                                            ; --            ; --          ; eda_simulation ;
; EDA_TEST_BENCH_FILE                  ; tb_ScalingUnit.sv                                          ; --            ; --          ; tb_ScalingUnit ;
; EDA_TEST_BENCH_MODULE_NAME           ; testbench                                                  ; --            ; --          ; tb_ScalingUnit ;
; EDA_TEST_BENCH_NAME                  ; tb_ScalingUnit                                             ; --            ; --          ; eda_simulation ;
; EDA_TIME_SCALE                       ; 1 ps                                                       ; --            ; --          ; eda_simulation ;
; MAX_CORE_JUNCTION_TEMP               ; 85                                                         ; --            ; --          ; --             ;
; MIN_CORE_JUNCTION_TEMP               ; 0                                                          ; --            ; --          ; --             ;
; PARTITION_COLOR                      ; 16764057                                                   ; --            ; --          ; Top            ;
; PARTITION_FITTER_PRESERVATION_LEVEL  ; PLACEMENT_AND_ROUTING                                      ; --            ; --          ; Top            ;
; PARTITION_NETLIST_TYPE               ; SOURCE                                                     ; --            ; --          ; Top            ;
; PROJECT_OUTPUT_DIRECTORY             ; output_files                                               ; --            ; --          ; --             ;
+--------------------------------------+------------------------------------------------------------+---------------+-------------+----------------+


+-------------------------------------------------------------------------------------------------------------------------------+
; Flow Elapsed Time                                                                                                             ;
+---------------------------+--------------+-------------------------+---------------------+------------------------------------+
; Module Name               ; Elapsed Time ; Average Processors Used ; Peak Virtual Memory ; Total CPU Time (on all processors) ;
+---------------------------+--------------+-------------------------+---------------------+------------------------------------+
; Analysis & Synthesis      ; 00:00:02     ; 1.0                     ; 4614 MB             ; 00:00:01                           ;
; Fitter                    ; 00:00:07     ; 2.0                     ; 5682 MB             ; 00:00:13                           ;
; Assembler                 ; 00:00:02     ; 1.0                     ; 4585 MB             ; 00:00:01                           ;
; TimeQuest Timing Analyzer ; 00:00:01     ; 1.0                     ; 4636 MB             ; 00:00:01                           ;
; EDA Netlist Writer        ; 00:00:00     ; 1.0                     ; 4546 MB             ; 00:00:01                           ;
; EDA Netlist Writer        ; 00:00:00     ; 1.0                     ; 4543 MB             ; 00:00:01                           ;
; EDA Netlist Writer        ; 00:00:00     ; 1.0                     ; 4543 MB             ; 00:00:01                           ;
; EDA Netlist Writer        ; 00:00:01     ; 1.0                     ; 4547 MB             ; 00:00:01                           ;
; EDA Netlist Writer        ; 00:00:00     ; 1.0                     ; 4543 MB             ; 00:00:01                           ;
; EDA Netlist Writer        ; 00:00:01     ; 1.0                     ; 4559 MB             ; 00:00:01                           ;
; EDA Netlist Writer        ; 00:00:01     ; 1.0                     ; 4543 MB             ; 00:00:00                           ;
; EDA Netlist Writer        ; 00:00:00     ; 1.0                     ; 4543 MB             ; 00:00:01                           ;
; EDA Netlist Writer        ; 00:00:01     ; 1.0                     ; 4543 MB             ; 00:00:01                           ;
; EDA Netlist Writer        ; 00:00:01     ; 1.0                     ; 4559 MB             ; 00:00:01                           ;
; EDA Netlist Writer        ; 00:00:00     ; 1.0                     ; 4543 MB             ; 00:00:00                           ;
; EDA Netlist Writer        ; 00:00:01     ; 1.0                     ; 4559 MB             ; 00:00:01                           ;
; EDA Netlist Writer        ; 00:00:01     ; 1.0                     ; 4543 MB             ; 00:00:00                           ;
; EDA Netlist Writer        ; 00:00:01     ; 1.0                     ; 4560 MB             ; 00:00:01                           ;
; Total                     ; 00:00:20     ; --                      ; --                  ; 00:00:27                           ;
+---------------------------+--------------+-------------------------+---------------------+------------------------------------+


+----------------------------------------------------------------------------------------+
; Flow OS Summary                                                                        ;
+---------------------------+------------------+-----------+------------+----------------+
; Module Name               ; Machine Hostname ; OS Name   ; OS Version ; Processor type ;
+---------------------------+------------------+-----------+------------+----------------+
; Analysis & Synthesis      ; Admin-PC         ; Windows 7 ; 6.2        ; x86_64         ;
; Fitter                    ; Admin-PC         ; Windows 7 ; 6.2        ; x86_64         ;
; Assembler                 ; Admin-PC         ; Windows 7 ; 6.2        ; x86_64         ;
; TimeQuest Timing Analyzer ; Admin-PC         ; Windows 7 ; 6.2        ; x86_64         ;
; EDA Netlist Writer        ; Admin-PC         ; Windows 7 ; 6.2        ; x86_64         ;
; EDA Netlist Writer        ; Admin-PC         ; Windows 7 ; 6.2        ; x86_64         ;
; EDA Netlist Writer        ; Admin-PC         ; Windows 7 ; 6.2        ; x86_64         ;
; EDA Netlist Writer        ; Admin-PC         ; Windows 7 ; 6.2        ; x86_64         ;
; EDA Netlist Writer        ; Admin-PC         ; Windows 7 ; 6.2        ; x86_64         ;
; EDA Netlist Writer        ; Admin-PC         ; Windows 7 ; 6.2        ; x86_64         ;
; EDA Netlist Writer        ; Admin-PC         ; Windows 7 ; 6.2        ; x86_64         ;
; EDA Netlist Writer        ; Admin-PC         ; Windows 7 ; 6.2        ; x86_64         ;
; EDA Netlist Writer        ; Admin-PC         ; Windows 7 ; 6.2        ; x86_64         ;
; EDA Netlist Writer        ; Admin-PC         ; Windows 7 ; 6.2        ; x86_64         ;
; EDA Netlist Writer        ; Admin-PC         ; Windows 7 ; 6.2        ; x86_64         ;
; EDA Netlist Writer        ; Admin-PC         ; Windows 7 ; 6.2        ; x86_64         ;
; EDA Netlist Writer        ; Admin-PC         ; Windows 7 ; 6.2        ; x86_64         ;
; EDA Netlist Writer        ; Admin-PC         ; Windows 7 ; 6.2        ; x86_64         ;
+---------------------------+------------------+-----------+------------+----------------+


------------
; Flow Log ;
------------
quartus_map --read_settings_files=on --write_settings_files=off ScalingUnit -c ScalingUnit
quartus_fit --read_settings_files=off --write_settings_files=off ScalingUnit -c ScalingUnit
quartus_asm --read_settings_files=off --write_settings_files=off ScalingUnit -c ScalingUnit
quartus_sta ScalingUnit -c ScalingUnit
quartus_eda --read_settings_files=off --write_settings_files=off ScalingUnit -c ScalingUnit
quartus_eda --gen_testbench --check_outputs=on --tool=modelsim_oem --format=verilog ScalingUnit -c ScalingUnit --vector_source=C:/altera/13.0sp1/ScalingUnit/Waveform2.vwf --testbench_file=./simulation/qsim/ScalingUnit.vt
quartus_eda --functional=on --simulation=on --tool=modelsim_oem --format=verilog ScalingUnit -c ScalingUnit
quartus_eda --gen_testbench --check_outputs=on --tool=modelsim_oem --format=verilog ScalingUnit -c ScalingUnit --vector_source=C:/altera/13.0sp1/ScalingUnit/Waveform1.vwf --testbench_file=C:/altera/13.0sp1/ScalingUnit/simulation/modelsim/Waveform1.vwf.vt
quartus_eda --gen_testbench --check_outputs=on --tool=modelsim_oem --format=verilog ScalingUnit -c ScalingUnit --vector_source=C:/altera/13.0sp1/ScalingUnit/Waveform1.vwf --testbench_file=./simulation/qsim/ScalingUnit.vt
quartus_eda --functional=off --timescale=1ps --simulation=on --tool=modelsim_oem --format=verilog ScalingUnit -c ScalingUnit
quartus_eda --gen_testbench --check_outputs=on --tool=modelsim_oem --format=verilog ScalingUnit -c ScalingUnit --vector_source=C:/altera/13.0sp1/ScalingUnit/Waveform1.vwf --testbench_file=./simulation/qsim/ScalingUnit.vt
quartus_eda --functional=on --simulation=on --tool=modelsim_oem --format=verilog ScalingUnit -c ScalingUnit
quartus_eda --gen_testbench --check_outputs=on --tool=modelsim_oem --format=verilog ScalingUnit -c ScalingUnit --vector_source=C:/altera/13.0sp1/ScalingUnit/Waveform1.vwf --testbench_file=./simulation/qsim/ScalingUnit.vt
quartus_eda --functional=off --timescale=1ps --simulation=on --tool=modelsim_oem --format=verilog ScalingUnit -c ScalingUnit
quartus_eda --gen_testbench --check_outputs=on --tool=modelsim_oem --format=verilog ScalingUnit -c ScalingUnit --vector_source=C:/altera/13.0sp1/ScalingUnit/Waveform2.vwf --testbench_file=./simulation/qsim/ScalingUnit.vt
quartus_eda --functional=off --timescale=1ps --simulation=on --tool=modelsim_oem --format=verilog ScalingUnit -c ScalingUnit
quartus_eda --gen_testbench --check_outputs=on --tool=modelsim_oem --format=verilog ScalingUnit -c ScalingUnit --vector_source=C:/altera/13.0sp1/ScalingUnit/Waveform1.vwf --testbench_file=./simulation/qsim/ScalingUnit.vt
quartus_eda --functional=off --timescale=1ps --simulation=on --tool=modelsim_oem --format=verilog ScalingUnit -c ScalingUnit



